This is pdfTeX, Version 3.1415926-2.5-1.40.14 (TeX Live 2013) (format=pdflatex 2013.10.14)  12 DEC 2013 13:00
entering extended mode
 \write18 enabled.
 file:line:error style messages enabled.
 %&-line parsing enabled.
**letter2.tex
(./letter2.tex
LaTeX2e <2011/06/27>
Babel <3.9f> and hyphenation patterns for 21 languages loaded.
(/usr/local/texlive/2013basic/texmf-dist/tex/latex/koma-script/scrlttr2.cls
Document Class: scrlttr2 2012/07/29 v3.11b KOMA-Script document class (letter)
(/usr/local/texlive/2013basic/texmf-dist/tex/latex/koma-script/scrkbase.sty
Package: scrkbase 2012/07/29 v3.11b KOMA-Script package (KOMA-Script-dependent 
basics and keyval usage)

(/usr/local/texlive/2013basic/texmf-dist/tex/latex/koma-script/scrbase.sty
Package: scrbase 2012/07/29 v3.11b KOMA-Script package (KOMA-Script-independent
 basics and keyval usage)

(/usr/local/texlive/2013basic/texmf-dist/tex/latex/graphics/keyval.sty
Package: keyval 1999/03/16 v1.13 key=value parser (DPC)
\KV@toks@=\toks14
)
(/usr/local/texlive/2013basic/texmf-dist/tex/latex/koma-script/scrlfile.sty
Package: scrlfile 2012/06/15 v3.12 KOMA-Script package (loading files)

Package scrlfile, 2012/06/15 v3.12 KOMA-Script package (loading files)
                  Copyright (C) Markus Kohm

)))
Class scrlttr2 Info: File `scrsize12pt.clo' used to setup font sizes on input l
ine 1174.

(/usr/local/texlive/2013basic/texmf-dist/tex/latex/koma-script/scrsize12pt.clo
File: scrsize12pt.clo 2012/07/29 v3.11b KOMA-Script font size class option (12p
t)
) (/usr/local/texlive/2013basic/texmf-dist/tex/latex/koma-script/typearea.sty
Package: typearea 2012/07/29 v3.11b KOMA-Script package (type area)

Package typearea, 2012/07/29 v3.11b KOMA-Script package (type area)
                  Copyright (C) Frank Neukam, 1992-1994
                  Copyright (C) Markus Kohm, 1994-

\ta@bcor=\skip41
\ta@div=\count79
\ta@hblk=\skip42
\ta@vblk=\skip43
\ta@temp=\skip44
Package typearea Info: These are the values describing the layout:
(typearea)             DIV  = 12
(typearea)             BCOR = 0.0pt
(typearea)             \paperwidth      = 597.50793pt
(typearea)              \textwidth      = 448.13095pt
(typearea)              DIV departure   = -6%
(typearea)              \evensidemargin = 2.4185pt
(typearea)              \oddsidemargin  = 2.4185pt
(typearea)             \paperheight     = 845.04694pt
(typearea)              \textheight     = 635.5pt
(typearea)              \topmargin      = -41.72441pt
(typearea)              \headheight     = 18.125pt
(typearea)              \headsep        = 21.75pt
(typearea)              \topskip        = 12.0pt
(typearea)              \footskip       = 50.75pt
(typearea)              \baselineskip   = 14.5pt
(typearea)              on input line 1213.
))
Class scrlttr2 Info: Letter-Class-Option `DIN' loaded on input line 2.
 (/usr/local/texlive/2013basic/texmf-dist/tex/latex/koma-script/DIN.lco
File: DIN.lco 2012/07/29 v3.11b KOMA-Script letter-class-option
)
No file letter2.aux.
\openout1 = `letter2.aux'.

LaTeX Font Info:    Checking defaults for OML/cmm/m/it on input line 13.
LaTeX Font Info:    ... okay on input line 13.
LaTeX Font Info:    Checking defaults for T1/cmr/m/n on input line 13.
LaTeX Font Info:    ... okay on input line 13.
LaTeX Font Info:    Checking defaults for OT1/cmr/m/n on input line 13.
LaTeX Font Info:    ... okay on input line 13.
LaTeX Font Info:    Checking defaults for OMS/cmsy/m/n on input line 13.
LaTeX Font Info:    ... okay on input line 13.
LaTeX Font Info:    Checking defaults for OMX/cmex/m/n on input line 13.
LaTeX Font Info:    ... okay on input line 13.
LaTeX Font Info:    Checking defaults for U/cmr/m/n on input line 13.
LaTeX Font Info:    ... okay on input line 13.
Package scrbase Info: No captions found for `USenglish'
(scrbase)             --> skipped on input line 13.
Class scrlttr2 Info: no date found for language `USenglish'
(scrlttr2)           --> skipped on input line 13.
Package scrbase Info: No captions found for `american'
(scrbase)             --> skipped on input line 13.
Class scrlttr2 Info: no date found for language `american'
(scrlttr2)           --> skipped on input line 13.
Package scrbase Info: No captions found for `british'
(scrbase)             --> skipped on input line 13.
Class scrlttr2 Info: no date found for language `british'
(scrlttr2)           --> skipped on input line 13.
Package scrbase Info: No captions found for `UKenglish'
(scrbase)             --> skipped on input line 13.
Class scrlttr2 Info: no date found for language `UKenglish'
(scrlttr2)           --> skipped on input line 13.
Package scrbase Info: No captions found for `german'
(scrbase)             --> skipped on input line 13.
Class scrlttr2 Info: no date found for language `german'
(scrlttr2)           --> skipped on input line 13.
Package scrbase Info: No captions found for `ngerman'
(scrbase)             --> skipped on input line 13.
Class scrlttr2 Info: no date found for language `ngerman'
(scrlttr2)           --> skipped on input line 13.
Package scrbase Info: No captions found for `austrian'
(scrbase)             --> skipped on input line 13.
Class scrlttr2 Info: no date found for language `austrian'
(scrlttr2)           --> skipped on input line 13.
Package scrbase Info: No captions found for `naustrian'
(scrbase)             --> skipped on input line 13.
Class scrlttr2 Info: no date found for language `naustrian'
(scrlttr2)           --> skipped on input line 13.
Package scrbase Info: No captions found for `french'
(scrbase)             --> skipped on input line 13.
Class scrlttr2 Info: no date found for language `french'
(scrlttr2)           --> skipped on input line 13.
Package scrbase Info: No captions found for `italian'
(scrbase)             --> skipped on input line 13.
Class scrlttr2 Info: no date found for language `italian'
(scrlttr2)           --> skipped on input line 13.
Package scrbase Info: No captions found for `spanish'
(scrbase)             --> skipped on input line 13.
Class scrlttr2 Info: no date found for language `spanish'
(scrlttr2)           --> skipped on input line 13.
Package scrbase Info: No captions found for `croatian'
(scrbase)             --> skipped on input line 13.
Class scrlttr2 Info: no date found for language `croatian'
(scrlttr2)           --> skipped on input line 13.
Package scrbase Info: No captions found for `dutch'
(scrbase)             --> skipped on input line 13.
Class scrlttr2 Info: no date found for language `dutch'
(scrlttr2)           --> skipped on input line 13.
Package scrbase Info: No captions found for `finnish'
(scrbase)             --> skipped on input line 13.
Class scrlttr2 Info: no date found for language `finnish'
(scrlttr2)           --> skipped on input line 13.
Package scrbase Info: No captions found for `norsk'
(scrbase)             --> skipped on input line 13.
Class scrlttr2 Info: no date found for language `norsk'
(scrlttr2)           --> skipped on input line 13.
Package scrbase Info: No captions found for `swedish'
(scrbase)             --> skipped on input line 13.
Class scrlttr2 Info: no date found for language `swedish'
(scrlttr2)           --> skipped on input line 13.
./letter2.tex:13: Undefined control sequence.
\bbl@switch ...bel@beginsave }\languageshorthands 
                                                  {none}\ifcase \bbl@select@...
l.13 \begin{document}
                     
? 
./letter2.tex:13: Emergency stop.
\bbl@switch ...bel@beginsave }\languageshorthands 
                                                  {none}\ifcase \bbl@select@...
l.13 \begin{document}
                     
End of file on the terminal!

 
Here is how much of TeX's memory you used:
 1128 strings out of 494536
 18641 string characters out of 6167445
 99152 words of memory out of 5000000
 4445 multiletter control sequences out of 15000+600000
 3938 words of font info for 15 fonts, out of 8000000 for 9000
 319 hyphenation exceptions out of 8191
 35i,1n,37p,221b,47s stack positions out of 5000i,500n,10000p,200000b,80000s
./letter2.tex:13:  ==> Fatal error occurred, no output PDF file produced!
